<?xml version="1.0" encoding="UTF-8"?>
<!-- Generated by org.testng.reporters.JUnitReportReporter -->
<testsuite ignored="0" hostname="KELLGGNLPTP1383" failures="0" tests="1" name="apiDemoPages.ApiDemoPage" time="1.434" errors="0" timestamp="11 Jul 2023 13:19:37 GMT" skipped="0">
  <testcase classname="apiDemoPages.ApiDemoPage" name="tapOnElementViews" time="1.434"/>
</testsuite> <!-- apiDemoPages.ApiDemoPage -->
