<?xml version="1.0" encoding="UTF-8"?>
<!-- Generated by org.testng.reporters.JUnitReportReporter -->
<testsuite ignored="0" hostname="KELLGGNLPTP1383" failures="0" tests="1" name="baseLibrary.StartAppiumServer" time="4.177" errors="0" timestamp="11 Jul 2023 18:49:53 GMT" skipped="0">
  <testcase classname="baseLibrary.StartAppiumServer" name="startingServer" time="4.177"/>
</testsuite> <!-- baseLibrary.StartAppiumServer -->
