<?xml version="1.0" encoding="UTF-8"?>
<!-- Generated by org.testng.reporters.JUnitReportReporter -->
<testsuite ignored="0" hostname="KELLGGNLPTP1383" failures="0" tests="1" name="apiDemoTest.ChromewithAppiumTest" time="14.231" errors="0" timestamp="17 Jul 2023 18:00:05 GMT" skipped="0">
  <testcase classname="apiDemoTest.ChromewithAppiumTest" name="testAcceptT_C" time="14.231"/>
</testsuite> <!-- apiDemoTest.ChromewithAppiumTest -->
