<?xml version="1.0" encoding="UTF-8"?>
<!-- Generated by org.testng.reporters.JUnitReportReporter -->
<testsuite ignored="0" hostname="KELLGGNLPTP1383" failures="0" tests="8" name="apiDemoTest.ApiDemoTest" time="82.835" errors="0" timestamp="12 Jul 2023 11:02:08 GMT" skipped="0">
  <testcase classname="apiDemoTest.ApiDemoTest" name="clickonOnOffButtonTest" time="4.001"/>
  <testcase classname="apiDemoTest.ApiDemoTest" name="clickOnElementAnimationTest" time="3.998"/>
  <testcase classname="apiDemoTest.ApiDemoTest" name="acceptTermAndConditionTest" time="0.014"/>
  <testcase classname="apiDemoTest.ApiDemoTest" name="pressOnElement3D_TransitionTest" time="4.074"/>
  <testcase classname="apiDemoTest.ApiDemoTest" name="scrollUpDownAndClickTest" time="44.705"/>
  <testcase classname="apiDemoTest.ApiDemoTest" name="clickonOnOffButtonTest1" time="6.113"/>
  <testcase classname="apiDemoTest.ApiDemoTest" name="tapOnViewsTest" time="4.281"/>
  <testcase classname="apiDemoTest.ApiDemoTest" name="ScrollAndClickOnElementPopUpMenuTest" time="15.649"/>
</testsuite> <!-- apiDemoTest.ApiDemoTest -->
